<?xml version="1.0" encoding="UTF-8"?>
<testsuite xmlns:xsi="http://www.w3.org/2001/XMLSchema-instance" xsi:noNamespaceSchemaLocation="https://maven.apache.org/surefire/maven-surefire-plugin/xsd/surefire-test-report-3.0.xsd" version="3.0" name="runner.RunCucumberJUnit4Test" time="157.873" tests="15" errors="0" skipped="0" failures="0">
  <properties>
[...]
</properties>
  <testcase name="Fill form fields and submit" classname="Action examples" time="60.221">
    <system-out><![CDATA[
Scenario: Fill form fields and submit                     # src/test/resources/features/actions.feature:3
  Given I open the example page                           # steps.BrowserSetupSteps.i_open_the_example_page()
  When I fill the username with "Ada"                     # steps.ActionSteps.i_fill_the_username_with(java.lang.String)
  And I select "United Kingdom" from the country dropdown # steps.ActionSteps.i_select_from_the_country_dropdown(java.lang.String)
  And I click the submit button                           # steps.ActionSteps.i_click_the_submit_button()
  Then the success banner is visible                      # steps.WaitingSteps.the_success_banner_is_visible()
  And the value in username field is "Ada"                # steps.ActionSteps.the_value_in_username_field_is(java.lang.String)
]]></system-out>
  </testcase>
  <testcase name="Persist storage state and reuse it in a new context" classname="Authentication and storage state" time="5.899">
    <system-out><![CDATA[
Scenario: Persist storage state and reuse it in a new context # src/test/resources/features/authentication.feature:3
  Given I open the advanced page                              # steps.BrowserSetupSteps.i_open_the_advanced_page()
  When I save browser storage state to "auth-state"           # steps.AuthenticationSteps.i_save_browser_storage_state_to(java.lang.String)
  Then the stored auth token is reused                        # steps.AuthenticationSteps.the_stored_auth_token_is_reused()
]]></system-out>
  </testcase>
  <testcase name="Open the mock page and verify the title and body" classname="Basic page checks" time="5.352">
    <system-out><![CDATA[
Scenario: Open the mock page and verify the title and body # src/test/resources/features/basic-page.feature:3
  Given I open the example page                            # steps.BrowserSetupSteps.i_open_the_example_page()
  Then the page title contains "Dummy Browser Playground"  # steps.BasicPageSteps.the_page_title_contains(java.lang.String)
  And the page contains text "Dummy Browser Playground"    # steps.BasicPageSteps.the_page_contains_text(java.lang.String)
]]></system-out>
  </testcase>
  <testcase name="Open a second page in the same browser context" classname="Browser contexts and multi-page support" time="5.701">
    <system-out><![CDATA[
Scenario: Open a second page in the same browser context # src/test/resources/features/browser-contexts.feature:3
  Given I open the advanced page                         # steps.BrowserSetupSteps.i_open_the_advanced_page()
  When I open a second page in the same browser context  # steps.BrowserContextSteps.i_open_a_second_page_in_the_same_browser_context()
  Then multiple pages are supported                      # steps.BrowserContextSteps.multiple_pages_are_supported()
]]></system-out>
  </testcase>
  <testcase name="Validate iframe content and accept alert" classname="Frames and dialogs" time="8.659">
    <system-out><![CDATA[
Scenario: Validate iframe content and accept alert       # src/test/resources/features/frames-dialogs.feature:3
  Given I open the advanced page                         # steps.BrowserSetupSteps.i_open_the_advanced_page()
  Then the iframe content contains "Frame content ready" # steps.FramesAndDialogsSteps.the_iframe_content_contains(java.lang.String)
  When I click the alert button                          # steps.FramesAndDialogsSteps.i_click_the_alert_button()
  Then the alert is accepted                             # steps.FramesAndDialogsSteps.the_alert_is_accepted()
]]></system-out>
  </testcase>
  <testcase name="Use element locators to validate visible controls" classname="Locator examples" time="5.302">
    <system-out><![CDATA[
Scenario: Use element locators to validate visible controls # src/test/resources/features/locators.feature:3
  Given I open the example page                             # steps.BrowserSetupSteps.i_open_the_example_page()
  Then the username field is visible                        # steps.LocatorSteps.the_username_field_is_visible()
  And the submit button is visible                          # steps.LocatorSteps.the_submit_button_is_visible()
]]></system-out>
  </testcase>
  <testcase name="Use data-testid to open the modal" classname="Locator examples" time="8.423">
    <system-out><![CDATA[
Scenario: Use data-testid to open the modal # src/test/resources/features/locators.feature:8
  Given I open the example page             # steps.BrowserSetupSteps.i_open_the_example_page()
  When I click the open modal button        # steps.ActionSteps.i_click_the_open_modal_button()
  Then the modal dialog is visible          # steps.LocatorSteps.the_modal_dialog_is_visible()
]]></system-out>
  </testcase>
  <testcase name="Reload page and keep the app available" classname="Navigation examples" time="5.346">
    <system-out><![CDATA[
Scenario: Reload page and keep the app available # src/test/resources/features/navigation.feature:3
  Given I open the example page                  # steps.BrowserSetupSteps.i_open_the_example_page()
  When I reload the page                         # steps.NavigationSteps.i_reload_the_page()
  Then the page should still be open             # steps.NavigationSteps.the_page_should_still_be_open()
]]></system-out>
  </testcase>
  <testcase name="Intercept a remote request with a mocked API response" classname="Network and API interception" time="8.533">
    <system-out><![CDATA[
Scenario: Intercept a remote request with a mocked API response # src/test/resources/features/network-api.feature:3
  Given I open the advanced page                                # steps.BrowserSetupSteps.i_open_the_advanced_page()
  When I mock the api response with "Mocked API response"       # steps.NetworkApiSteps.i_mock_the_api_response_with(java.lang.String)
  Then the api result is "Mocked API response"                  # steps.NetworkApiSteps.the_api_result_is(java.lang.String)
]]></system-out>
  </testcase>
  <testcase name="Use a page object to interact with the mock app" classname="Page Object Model examples" time="11.583">
    <system-out><![CDATA[
Scenario: Use a page object to interact with the mock app  # src/test/resources/features/page-object-model.feature:3
  Given I open the mock page                               # steps.POMSteps.i_open_the_mock_page()
  Then the mock page title is "Dummy Browser Playground"   # steps.POMSteps.the_mock_page_title_is(java.lang.String)
  And the username field is ready                          # steps.POMSteps.the_username_field_is_ready()
  When I enter "Ada" in the username field                 # steps.POMSteps.i_enter_in_the_username_field(java.lang.String)
  And I select "United Kingdom" from the country drop-down # steps.POMSteps.i_select_from_the_country_drop_down(java.lang.String)
  And I submit the form                                    # steps.POMSteps.i_submit_the_form()
  Then the success banner shows "Success! Form submitted." # steps.POMSteps.the_success_banner_shows(java.lang.String)
]]></system-out>
  </testcase>
  <testcase name="Open modal through page object" classname="Page Object Model examples" time="5.74">
    <system-out><![CDATA[
Scenario: Open modal through page object # src/test/resources/features/page-object-model.feature:12
  Given I open the mock page             # steps.POMSteps.i_open_the_mock_page()
  Then the username field is ready       # steps.POMSteps.the_username_field_is_ready()
  And the modal opens                    # steps.POMSteps.the_modal_opens()
]]></system-out>
  </testcase>
  <testcase name="Open the mock page and verify core content" classname="Sample Playwright smoke test" time="5.246">
    <system-out><![CDATA[
Scenario: Open the mock page and verify core content      # src/test/resources/features/sample.feature:3
  Given I open the example page                           # steps.BrowserSetupSteps.i_open_the_example_page()
  Then the page title contains "Dummy Browser Playground" # steps.BasicPageSteps.the_page_title_contains(java.lang.String)
  And the page contains text "Dummy Browser Playground"   # steps.BasicPageSteps.the_page_contains_text(java.lang.String)
]]></system-out>
  </testcase>
  <testcase name="Capture a screenshot and trace output" classname="Screenshot and tracing" time="6.008">
    <system-out><![CDATA[
Scenario: Capture a screenshot and trace output  # src/test/resources/features/screenshots-tracing.feature:3
  Given I open the advanced page                 # steps.BrowserSetupSteps.i_open_the_advanced_page()
  When I capture a screenshot named "screenshot" # steps.ScreenshotTraceSteps.i_capture_a_screenshot_named(java.lang.String)
  Then the screenshot file exists                # steps.ScreenshotTraceSteps.the_screenshot_file_exists()
  When I record a trace named "trace"            # steps.ScreenshotTraceSteps.i_record_a_trace_named(java.lang.String)
  Then the trace file exists                     # steps.ScreenshotTraceSteps.the_trace_file_exists()
]]></system-out>
  </testcase>
  <testcase name="Wait for an element before asserting" classname="Waiting examples" time="5.374">
    <system-out><![CDATA[
Scenario: Wait for an element before asserting # src/test/resources/features/waiting.feature:3
  Given I open the example page                # steps.BrowserSetupSteps.i_open_the_example_page()
  Then the page waits for the username field   # steps.WaitingSteps.the_page_waits_for_the_username_field()
  And the username field is visible            # steps.LocatorSteps.the_username_field_is_visible()
]]></system-out>
  </testcase>
  <testcase name="Type into the Wikipedia search box" classname="Wikipedia browser action" time="9.177">
    <system-out><![CDATA[
Scenario: Type into the Wikipedia search box           # src/test/resources/features/wikipedia-browser.feature:3
  Given I open the Wikipedia page                      # steps.BrowserSetupSteps.i_open_the_wikipedia_page()
  When I type "Playwright" in the Wikipedia search box # steps.WikipediaActionSteps.i_type_in_the_wikipedia_search_box(java.lang.String)
  Then the Wikipedia search box contains "Playwright"  # steps.WikipediaActionSteps.the_wikipedia_search_box_contains(java.lang.String)
]]></system-out>
  </testcase>
</testsuite>